TN:
SF:controllers/appointments.controller.js
FN:52,(anonymous_0)
FN:58,(anonymous_1)
FN:64,(anonymous_2)
FN:71,(anonymous_3)
FN:80,(anonymous_4)
FN:87,(anonymous_5)
FN:94,(anonymous_6)
FNF:7
FNH:0
FNDA:0,(anonymous_0)
FNDA:0,(anonymous_1)
FNDA:0,(anonymous_2)
FNDA:0,(anonymous_3)
FNDA:0,(anonymous_4)
FNDA:0,(anonymous_5)
FNDA:0,(anonymous_6)
DA:50,0
DA:52,0
DA:53,0
DA:54,0
DA:55,0
DA:58,0
DA:59,0
DA:60,0
DA:61,0
DA:64,0
DA:65,0
DA:66,0
DA:67,0
DA:68,0
DA:71,0
DA:72,0
DA:73,0
DA:74,0
DA:75,0
DA:76,0
DA:77,0
DA:80,0
DA:81,0
DA:82,0
DA:83,0
DA:84,0
DA:87,0
DA:88,0
DA:89,0
DA:90,0
DA:91,0
DA:94,0
DA:95,0
DA:96,0
DA:97,0
DA:98,0
DA:99,0
DA:101,0
DA:102,0
DA:104,0
DA:109,0
DA:110,0
LF:42
LH:0
BRDA:98,0,0,0
BRDA:98,0,1,0
BRDA:101,1,0,0
BRDA:101,1,1,0
BRF:4
BRH:0
end_of_record
TN:
SF:controllers/auth.controller.js
FN:6,(anonymous_0)
FN:28,(anonymous_1)
FN:70,(anonymous_2)
FN:80,(anonymous_3)
FN:122,(anonymous_4)
FN:136,(anonymous_5)
FN:157,(anonymous_6)
FN:178,(anonymous_7)
FN:200,(anonymous_8)
FN:216,(anonymous_9)
FN:237,(anonymous_10)
FN:249,(anonymous_11)
FN:282,(anonymous_12)
FN:307,(anonymous_13)
FN:323,(anonymous_14)
FN:339,(anonymous_15)
FN:355,(anonymous_16)
FN:371,(anonymous_17)
FN:387,(anonymous_18)
FNF:19
FNH:0
FNDA:0,(anonymous_0)
FNDA:0,(anonymous_1)
FNDA:0,(anonymous_2)
FNDA:0,(anonymous_3)
FNDA:0,(anonymous_4)
FNDA:0,(anonymous_5)
FNDA:0,(anonymous_6)
FNDA:0,(anonymous_7)
FNDA:0,(anonymous_8)
FNDA:0,(anonymous_9)
FNDA:0,(anonymous_10)
FNDA:0,(anonymous_11)
FNDA:0,(anonymous_12)
FNDA:0,(anonymous_13)
FNDA:0,(anonymous_14)
FNDA:0,(anonymous_15)
FNDA:0,(anonymous_16)
FNDA:0,(anonymous_17)
FNDA:0,(anonymous_18)
DA:7,0
DA:9,0
DA:10,0
DA:11,0
DA:12,0
DA:13,0
DA:14,0
DA:15,0
DA:16,0
DA:17,0
DA:18,0
DA:19,0
DA:20,0
DA:21,0
DA:22,0
DA:23,0
DA:24,0
DA:25,0
DA:29,0
DA:30,0
DA:31,0
DA:32,0
DA:33,0
DA:36,0
DA:45,0
DA:47,0
DA:48,0
DA:65,0
DA:66,0
DA:67,0
DA:70,0
DA:73,0
DA:81,0
DA:82,0
DA:83,0
DA:84,0
DA:85,0
DA:88,0
DA:89,0
DA:91,0
DA:98,0
DA:99,0
DA:114,0
DA:115,0
DA:123,0
DA:124,0
DA:125,0
DA:126,0
DA:127,0
DA:129,0
DA:131,0
DA:132,0
DA:137,0
DA:138,0
DA:139,0
DA:140,0
DA:141,0
DA:143,0
DA:144,0
DA:149,0
DA:150,0
DA:158,0
DA:159,0
DA:160,0
DA:161,0
DA:162,0
DA:164,0
DA:165,0
DA:170,0
DA:171,0
DA:179,0
DA:180,0
DA:181,0
DA:182,0
DA:183,0
DA:184,0
DA:186,0
DA:187,0
DA:192,0
DA:193,0
DA:201,0
DA:202,0
DA:203,0
DA:208,0
DA:209,0
DA:217,0
DA:218,0
DA:219,0
DA:220,0
DA:221,0
DA:223,0
DA:224,0
DA:229,0
DA:230,0
DA:238,0
DA:243,0
DA:250,0
DA:251,0
DA:252,0
DA:253,0
DA:254,0
DA:259,0
DA:274,0
DA:275,0
DA:283,0
DA:284,0
DA:285,0
DA:286,0
DA:287,0
DA:292,0
DA:293,0
DA:299,0
DA:300,0
DA:308,0
DA:309,0
DA:310,0
DA:315,0
DA:316,0
DA:324,0
DA:325,0
DA:326,0
DA:331,0
DA:332,0
DA:340,0
DA:341,0
DA:342,0
DA:347,0
DA:348,0
DA:356,0
DA:357,0
DA:358,0
DA:363,0
DA:364,0
DA:372,0
DA:373,0
DA:374,0
DA:379,0
DA:380,0
DA:388,0
DA:389,0
DA:390,0
DA:391,0
DA:392,0
DA:394,0
DA:395,0
DA:400,0
DA:401,0
LF:147
LH:0
BRDA:31,0,0,0
BRDA:31,0,1,0
BRDA:31,1,0,0
BRDA:31,1,1,0
BRDA:42,2,0,0
BRDA:42,2,1,0
BRDA:66,3,0,0
BRDA:66,3,1,0
BRDA:73,4,0,0
BRDA:73,4,1,0
BRDA:75,5,0,0
BRDA:75,5,1,0
BRDA:83,6,0,0
BRDA:83,6,1,0
BRDA:83,7,0,0
BRDA:83,7,1,0
BRDA:115,8,0,0
BRDA:115,8,1,0
BRDA:117,9,0,0
BRDA:117,9,1,0
BRDA:125,10,0,0
BRDA:125,10,1,0
BRDA:139,11,0,0
BRDA:139,11,1,0
BRDA:150,12,0,0
BRDA:150,12,1,0
BRDA:152,13,0,0
BRDA:152,13,1,0
BRDA:160,14,0,0
BRDA:160,14,1,0
BRDA:171,15,0,0
BRDA:171,15,1,0
BRDA:173,16,0,0
BRDA:173,16,1,0
BRDA:182,17,0,0
BRDA:182,17,1,0
BRDA:193,18,0,0
BRDA:193,18,1,0
BRDA:195,19,0,0
BRDA:195,19,1,0
BRDA:209,20,0,0
BRDA:209,20,1,0
BRDA:211,21,0,0
BRDA:211,21,1,0
BRDA:219,22,0,0
BRDA:219,22,1,0
BRDA:219,23,0,0
BRDA:219,23,1,0
BRDA:230,24,0,0
BRDA:230,24,1,0
BRDA:232,25,0,0
BRDA:232,25,1,0
BRDA:252,26,0,0
BRDA:252,26,1,0
BRDA:285,27,0,0
BRDA:285,27,1,0
BRDA:285,28,0,0
BRDA:285,28,1,0
BRDA:300,29,0,0
BRDA:300,29,1,0
BRDA:302,30,0,0
BRDA:302,30,1,0
BRDA:316,31,0,0
BRDA:316,31,1,0
BRDA:318,32,0,0
BRDA:318,32,1,0
BRDA:332,33,0,0
BRDA:332,33,1,0
BRDA:334,34,0,0
BRDA:334,34,1,0
BRDA:348,35,0,0
BRDA:348,35,1,0
BRDA:350,36,0,0
BRDA:350,36,1,0
BRDA:364,37,0,0
BRDA:364,37,1,0
BRDA:366,38,0,0
BRDA:366,38,1,0
BRDA:380,39,0,0
BRDA:380,39,1,0
BRDA:382,40,0,0
BRDA:382,40,1,0
BRDA:390,41,0,0
BRDA:390,41,1,0
BRDA:401,42,0,0
BRDA:401,42,1,0
BRDA:403,43,0,0
BRDA:403,43,1,0
BRF:88
BRH:0
end_of_record
TN:
SF:controllers/consultation.controller.js
FN:6,(anonymous_0)
FN:17,(anonymous_1)
FN:45,(anonymous_2)
FN:71,(anonymous_3)
FN:108,(anonymous_4)
FN:145,(anonymous_5)
FN:170,(anonymous_6)
FN:196,(anonymous_7)
FNF:8
FNH:0
FNDA:0,(anonymous_0)
FNDA:0,(anonymous_1)
FNDA:0,(anonymous_2)
FNDA:0,(anonymous_3)
FNDA:0,(anonymous_4)
FNDA:0,(anonymous_5)
FNDA:0,(anonymous_6)
FNDA:0,(anonymous_7)
DA:7,0
DA:8,0
DA:9,0
DA:10,0
DA:11,0
DA:12,0
DA:13,0
DA:14,0
DA:18,0
DA:19,0
DA:23,0
DA:24,0
DA:26,0
DA:28,0
DA:34,0
DA:38,0
DA:46,0
DA:47,0
DA:51,0
DA:53,0
DA:59,0
DA:63,0
DA:72,0
DA:73,0
DA:78,0
DA:79,0
DA:80,0
DA:86,0
DA:91,0
DA:97,0
DA:101,0
DA:109,0
DA:110,0
DA:115,0
DA:116,0
DA:117,0
DA:123,0
DA:128,0
DA:134,0
DA:138,0
DA:146,0
DA:147,0
DA:152,0
DA:153,0
DA:155,0
DA:157,0
DA:159,0
DA:163,0
DA:171,0
DA:172,0
DA:177,0
DA:178,0
DA:179,0
DA:181,0
DA:183,0
DA:185,0
DA:189,0
DA:197,0
DA:198,0
DA:203,0
DA:204,0
DA:206,0
DA:208,0
DA:210,0
DA:214,0
LF:65
LH:0
BRDA:38,0,0,0
BRDA:38,0,1,0
BRDA:63,1,0,0
BRDA:63,1,1,0
BRDA:79,2,0,0
BRDA:79,2,1,0
BRDA:88,3,0,0
BRDA:88,3,1,0
BRDA:101,4,0,0
BRDA:101,4,1,0
BRDA:116,5,0,0
BRDA:116,5,1,0
BRDA:125,6,0,0
BRDA:125,6,1,0
BRDA:138,7,0,0
BRDA:138,7,1,0
BRDA:163,8,0,0
BRDA:163,8,1,0
BRDA:189,9,0,0
BRDA:189,9,1,0
BRDA:214,10,0,0
BRDA:214,10,1,0
BRF:22
BRH:0
end_of_record
TN:
SF:controllers/doctorMgr.controller.js
FN:5,(anonymous_0)
FN:42,(anonymous_1)
FN:52,(anonymous_2)
FN:82,(anonymous_3)
FN:106,(anonymous_4)
FNF:5
FNH:0
FNDA:0,(anonymous_0)
FNDA:0,(anonymous_1)
FNDA:0,(anonymous_2)
FNDA:0,(anonymous_3)
FNDA:0,(anonymous_4)
DA:6,0
DA:16,0
DA:18,0
DA:30,0
DA:31,0
DA:37,0
DA:38,0
DA:39,0
DA:42,0
DA:45,0
DA:53,0
DA:54,0
DA:55,0
DA:57,0
DA:62,0
DA:63,0
DA:64,0
DA:67,0
DA:68,0
DA:74,0
DA:75,0
DA:83,0
DA:84,0
DA:86,0
DA:87,0
DA:88,0
DA:89,0
DA:92,0
DA:93,0
DA:98,0
DA:99,0
DA:107,0
DA:108,0
DA:109,0
DA:110,0
DA:115,0
DA:116,0
LF:37
LH:0
BRDA:38,0,0,0
BRDA:38,0,1,0
BRDA:47,1,0,0
BRDA:47,1,1,0
BRDA:62,2,0,0
BRDA:62,2,1,0
BRDA:77,3,0,0
BRDA:77,3,1,0
BRDA:87,4,0,0
BRDA:87,4,1,0
BRDA:101,5,0,0
BRDA:101,5,1,0
BRDA:118,6,0,0
BRDA:118,6,1,0
BRF:14
BRH:0
end_of_record
TN:
SF:controllers/patientMgr.controller.js
FN:5,(anonymous_0)
FN:44,(anonymous_1)
FN:54,(anonymous_2)
FN:84,(anonymous_3)
FN:108,(anonymous_4)
FNF:5
FNH:0
FNDA:0,(anonymous_0)
FNDA:0,(anonymous_1)
FNDA:0,(anonymous_2)
FNDA:0,(anonymous_3)
FNDA:0,(anonymous_4)
DA:6,0
DA:17,0
DA:19,0
DA:32,0
DA:33,0
DA:39,0
DA:40,0
DA:41,0
DA:44,0
DA:47,0
DA:55,0
DA:56,0
DA:57,0
DA:59,0
DA:64,0
DA:65,0
DA:66,0
DA:69,0
DA:70,0
DA:76,0
DA:77,0
DA:85,0
DA:86,0
DA:88,0
DA:89,0
DA:90,0
DA:91,0
DA:94,0
DA:95,0
DA:100,0
DA:101,0
DA:109,0
DA:110,0
DA:111,0
DA:112,0
DA:117,0
DA:118,0
LF:37
LH:0
BRDA:40,0,0,0
BRDA:40,0,1,0
BRDA:49,1,0,0
BRDA:49,1,1,0
BRDA:64,2,0,0
BRDA:64,2,1,0
BRDA:79,3,0,0
BRDA:79,3,1,0
BRDA:89,4,0,0
BRDA:89,4,1,0
BRDA:103,5,0,0
BRDA:103,5,1,0
BRDA:120,6,0,0
BRDA:120,6,1,0
BRF:14
BRH:0
end_of_record
TN:
SF:controllers/report.controller.js
FN:687,(anonymous_0)
FN:783,(anonymous_1)
FN:846,(anonymous_2)
FN:847,(anonymous_3)
FN:874,(anonymous_4)
FN:973,(anonymous_5)
FN:974,(anonymous_6)
FN:1167,(anonymous_7)
FN:1257,(anonymous_8)
FNF:9
FNH:9
FNDA:5,(anonymous_0)
FNDA:9,(anonymous_1)
FNDA:20,(anonymous_2)
FNDA:8,(anonymous_3)
FNDA:6,(anonymous_4)
FNDA:7,(anonymous_5)
FNDA:3,(anonymous_6)
FNDA:5,(anonymous_7)
FNDA:5,(anonymous_8)
DA:688,5
DA:690,5
DA:691,5
DA:692,5
DA:694,5
DA:697,5
DA:709,5
DA:714,5
DA:765,4
DA:770,4
DA:775,1
DA:776,1
DA:784,9
DA:786,9
DA:787,9
DA:788,9
DA:790,9
DA:793,9
DA:794,2
DA:797,7
DA:798,7
DA:799,7
DA:800,1
DA:804,6
DA:805,6
DA:806,6
DA:807,23
DA:813,23
DA:817,6
DA:846,5
DA:847,20
DA:848,20
DA:853,5
DA:859,5
DA:864,4
DA:865,4
DA:870,4
DA:875,6
DA:877,6
DA:878,6
DA:879,6
DA:881,6
DA:884,6
DA:885,1
DA:891,5
DA:892,5
DA:894,5
DA:895,1
DA:902,4
DA:903,4
DA:904,4
DA:905,8
DA:913,8
DA:917,4
DA:973,3
DA:974,7
DA:975,7
DA:993,3
DA:1061,3
DA:1079,3
DA:1121,3
DA:1130,3
DA:1136,3
DA:1159,1
DA:1160,1
DA:1168,5
DA:1170,5
DA:1171,5
DA:1172,5
DA:1174,5
DA:1177,5
DA:1190,5
DA:1193,4
DA:1196,4
DA:1202,4
DA:1205,4
DA:1220,4
DA:1222,4
DA:1230,4
DA:1251,1
DA:1252,1
DA:1258,5
DA:1260,5
DA:1261,5
DA:1262,5
DA:1264,5
DA:1265,5
DA:1266,5
DA:1267,5
DA:1270,5
DA:1287,4
DA:1304,4
DA:1321,4
DA:1336,4
DA:1346,1
DA:1347,1
LF:96
LH:96
BRDA:697,0,0,2
BRDA:697,0,1,3
BRDA:697,1,0,5
BRDA:697,1,1,2
BRDA:793,2,0,2
BRDA:793,2,1,7
BRDA:793,3,0,9
BRDA:793,3,1,7
BRDA:799,4,0,1
BRDA:799,4,1,6
BRDA:799,5,0,7
BRDA:799,5,1,6
BRDA:848,6,0,3
BRDA:848,6,1,17
BRDA:870,7,0,4
BRDA:870,7,1,0
BRDA:884,8,0,1
BRDA:884,8,1,5
BRDA:884,9,0,6
BRDA:884,9,1,5
BRDA:894,10,0,1
BRDA:894,10,1,4
BRDA:894,11,0,5
BRDA:894,11,1,4
BRDA:975,12,0,1
BRDA:975,12,1,6
BRDA:1121,13,0,1
BRDA:1121,13,1,2
BRDA:1177,14,0,1
BRDA:1177,14,1,4
BRDA:1177,15,0,5
BRDA:1177,15,1,1
BRDA:1220,16,0,2
BRDA:1220,16,1,2
BRDA:1339,17,0,4
BRDA:1339,17,1,2
BRDA:1340,18,0,4
BRDA:1340,18,1,2
BRDA:1341,19,0,4
BRDA:1341,19,1,3
BRDA:1342,20,0,4
BRDA:1342,20,1,3
BRF:42
BRH:41
end_of_record
TN:
SF:models/admin.model.js
FNF:0
FNH:0
DA:4,0
DA:12,0
LF:2
LH:0
BRF:0
BRH:0
end_of_record
TN:
SF:models/appointment.model.js
FNF:0
FNH:0
DA:22,0
DA:38,0
DA:40,0
LF:3
LH:0
BRF:0
BRH:0
end_of_record
TN:
SF:models/availability.model.js
FNF:0
FNH:0
DA:4,0
DA:15,0
DA:17,0
LF:3
LH:0
BRF:0
BRH:0
end_of_record
TN:
SF:models/consultation.model.js
FN:88,(anonymous_0)
FN:122,(anonymous_1)
FNF:2
FNH:0
FNDA:0,(anonymous_0)
FNDA:0,(anonymous_1)
DA:5,1
DA:88,1
DA:90,0
DA:92,0
DA:93,0
DA:98,0
DA:99,0
DA:100,0
DA:101,0
DA:108,0
DA:109,0
DA:118,0
DA:122,1
DA:123,0
DA:129,0
DA:132,1
LF:16
LH:4
BRDA:90,0,0,0
BRDA:90,0,1,0
BRDA:90,1,0,0
BRDA:90,1,1,0
BRDA:92,2,0,0
BRDA:92,2,1,0
BRDA:98,3,0,0
BRDA:98,3,1,0
BRDA:98,4,0,0
BRDA:98,4,1,0
BRDA:100,5,0,0
BRDA:100,5,1,0
BRDA:100,6,0,0
BRDA:100,6,1,0
BRDA:100,6,2,0
BRDA:108,7,0,0
BRDA:108,7,1,0
BRF:17
BRH:0
end_of_record
TN:
SF:models/doctor.model.js
FNF:0
FNH:0
DA:4,0
DA:18,0
LF:2
LH:0
BRF:0
BRH:0
end_of_record
TN:
SF:models/patient.model.js
FNF:0
FNH:0
DA:4,0
DA:21,0
LF:2
LH:0
BRF:0
BRH:0
end_of_record
TN:
SF:models/payment.model.js
FN:151,(anonymous_0)
FN:190,(anonymous_1)
FN:195,(anonymous_2)
FN:205,(anonymous_3)
FN:216,(anonymous_4)
FN:223,(anonymous_5)
FN:233,(anonymous_6)
FN:254,(anonymous_7)
FNF:8
FNH:0
FNDA:0,(anonymous_0)
FNDA:0,(anonymous_1)
FNDA:0,(anonymous_2)
FNDA:0,(anonymous_3)
FNDA:0,(anonymous_4)
FNDA:0,(anonymous_5)
FNDA:0,(anonymous_6)
FNDA:0,(anonymous_7)
DA:3,0
DA:145,0
DA:146,0
DA:147,0
DA:148,0
DA:151,0
DA:152,0
DA:154,0
DA:155,0
DA:156,0
DA:157,0
DA:160,0
DA:167,0
DA:174,0
DA:175,0
DA:179,0
DA:180,0
DA:183,0
DA:185,0
DA:190,0
DA:191,0
DA:195,0
DA:196,0
DA:197,0
DA:198,0
DA:199,0
DA:200,0
DA:201,0
DA:205,0
DA:206,0
DA:207,0
DA:208,0
DA:209,0
DA:210,0
DA:212,0
DA:216,0
DA:217,0
DA:218,0
DA:219,0
DA:223,0
DA:224,0
DA:225,0
DA:226,0
DA:227,0
DA:228,0
DA:229,0
DA:233,0
DA:234,0
DA:250,0
DA:254,0
DA:255,0
DA:257,0
DA:273,0
DA:281,0
LF:54
LH:0
BRDA:154,0,0,0
BRDA:154,0,1,0
BRDA:174,1,0,0
BRDA:174,1,1,0
BRDA:179,2,0,0
BRDA:179,2,1,0
BRDA:179,3,0,0
BRDA:179,3,1,0
BRDA:191,4,0,0
BRDA:191,4,1,0
BRDA:196,5,0,0
BRDA:196,5,1,0
BRDA:196,6,0,0
BRDA:196,6,1,0
BRDA:209,7,0,0
BRDA:209,7,1,0
BRDA:226,8,0,0
BRDA:226,8,1,0
BRDA:250,9,0,0
BRDA:250,9,1,0
BRDA:276,10,0,0
BRDA:276,10,1,0
BRDA:277,11,0,0
BRDA:277,11,1,0
BRF:24
BRH:0
end_of_record
TN:
SF:models/user.model.js
FN:95,(anonymous_0)
FN:108,(anonymous_1)
FNF:2
FNH:0
FNDA:0,(anonymous_0)
FNDA:0,(anonymous_1)
DA:4,1
DA:95,1
DA:96,0
DA:98,0
DA:99,0
DA:100,0
DA:101,0
DA:103,0
DA:108,1
DA:109,0
DA:112,1
LF:11
LH:4
BRDA:96,0,0,0
BRDA:96,0,1,0
BRF:2
BRH:0
end_of_record
TN:
SF:services/appointments.service.js
FN:131,(anonymous_0)
FN:144,(anonymous_1)
FN:151,(anonymous_2)
FN:173,(anonymous_3)
FN:236,(anonymous_4)
FN:247,(anonymous_5)
FNF:6
FNH:0
FNDA:0,(anonymous_0)
FNDA:0,(anonymous_1)
FNDA:0,(anonymous_2)
FNDA:0,(anonymous_3)
FNDA:0,(anonymous_4)
FNDA:0,(anonymous_5)
DA:132,0
DA:145,0
DA:146,0
DA:152,0
DA:153,0
DA:154,0
DA:155,0
DA:157,0
DA:158,0
DA:159,0
DA:160,0
DA:161,0
DA:164,0
DA:165,0
DA:167,0
DA:168,0
DA:174,0
DA:175,0
DA:176,0
DA:178,0
DA:179,0
DA:180,0
DA:181,0
DA:183,0
DA:184,0
DA:185,0
DA:188,0
DA:189,0
DA:197,0
DA:202,0
DA:203,0
DA:204,0
DA:208,0
DA:221,0
DA:224,0
DA:229,0
DA:230,0
DA:232,0
DA:237,0
DA:241,0
DA:248,0
LF:41
LH:0
BRDA:145,0,0,0
BRDA:145,0,1,0
BRDA:153,1,0,0
BRDA:153,1,1,0
BRDA:153,2,0,0
BRDA:153,2,1,0
BRDA:179,3,0,0
BRDA:179,3,1,0
BRDA:183,4,0,0
BRDA:183,4,1,0
BRDA:188,5,0,0
BRDA:188,5,1,0
BRDA:188,6,0,0
BRDA:188,6,1,0
BRDA:188,6,2,0
BRDA:202,7,0,0
BRDA:202,7,1,0
BRF:17
BRH:0
end_of_record
TN:
SF:services/auth.service.js
FN:43,(anonymous_0)
FN:52,(anonymous_1)
FN:73,(anonymous_2)
FN:132,(anonymous_3)
FN:160,(anonymous_4)
FN:195,(anonymous_5)
FN:243,(anonymous_6)
FN:274,(anonymous_7)
FN:288,(anonymous_8)
FN:304,(anonymous_9)
FN:333,(anonymous_10)
FN:382,(anonymous_11)
FN:397,(anonymous_12)
FN:416,(anonymous_13)
FN:445,(anonymous_14)
FN:473,(anonymous_15)
FN:491,(anonymous_16)
FN:520,(anonymous_17)
FNF:18
FNH:0
FNDA:0,(anonymous_0)
FNDA:0,(anonymous_1)
FNDA:0,(anonymous_2)
FNDA:0,(anonymous_3)
FNDA:0,(anonymous_4)
FNDA:0,(anonymous_5)
FNDA:0,(anonymous_6)
FNDA:0,(anonymous_7)
FNDA:0,(anonymous_8)
FNDA:0,(anonymous_9)
FNDA:0,(anonymous_10)
FNDA:0,(anonymous_11)
FNDA:0,(anonymous_12)
FNDA:0,(anonymous_13)
FNDA:0,(anonymous_14)
FNDA:0,(anonymous_15)
FNDA:0,(anonymous_16)
FNDA:0,(anonymous_17)
DA:11,0
DA:14,0
DA:24,0
DA:25,0
DA:26,0
DA:31,0
DA:43,0
DA:44,0
DA:45,0
DA:47,0
DA:53,0
DA:54,0
DA:55,0
DA:64,0
DA:65,0
DA:67,0
DA:68,0
DA:74,0
DA:76,0
DA:77,0
DA:78,0
DA:81,0
DA:83,0
DA:84,0
DA:85,0
DA:86,0
DA:89,0
DA:90,0
DA:92,0
DA:98,0
DA:100,0
DA:114,0
DA:115,0
DA:116,0
DA:118,0
DA:124,0
DA:126,0
DA:127,0
DA:133,0
DA:134,0
DA:136,0
DA:141,0
DA:142,0
DA:143,0
DA:146,0
DA:147,0
DA:148,0
DA:149,0
DA:151,0
DA:152,0
DA:154,0
DA:155,0
DA:161,0
DA:162,0
DA:163,0
DA:164,0
DA:167,0
DA:169,0
DA:170,0
DA:171,0
DA:172,0
DA:175,0
DA:176,0
DA:177,0
DA:178,0
DA:181,0
DA:182,0
DA:183,0
DA:186,0
DA:187,0
DA:189,0
DA:190,0
DA:196,0
DA:197,0
DA:198,0
DA:199,0
DA:202,0
DA:203,0
DA:204,0
DA:205,0
DA:208,0
DA:209,0
DA:210,0
DA:211,0
DA:213,0
DA:214,0
DA:228,0
DA:229,0
DA:230,0
DA:232,0
DA:235,0
DA:237,0
DA:238,0
DA:244,0
DA:245,0
DA:246,0
DA:247,0
DA:250,0
DA:255,0
DA:256,0
DA:257,0
DA:260,0
DA:261,0
DA:262,0
DA:263,0
DA:265,0
DA:266,0
DA:268,0
DA:269,0
DA:275,0
DA:276,0
DA:277,0
DA:278,0
DA:281,0
DA:282,0
DA:283,0
DA:284,0
DA:287,0
DA:288,0
DA:289,0
DA:290,0
DA:294,0
DA:295,0
DA:296,0
DA:298,0
DA:299,0
DA:305,0
DA:306,0
DA:307,0
DA:308,0
DA:311,0
DA:312,0
DA:313,0
DA:314,0
DA:317,0
DA:318,0
DA:319,0
DA:320,0
DA:323,0
DA:324,0
DA:325,0
DA:327,0
DA:328,0
DA:334,0
DA:335,0
DA:336,0
DA:337,0
DA:340,0
DA:341,0
DA:342,0
DA:343,0
DA:346,0
DA:347,0
DA:348,0
DA:349,0
DA:350,0
DA:352,0
DA:353,0
DA:367,0
DA:368,0
DA:369,0
DA:371,0
DA:374,0
DA:376,0
DA:377,0
DA:383,0
DA:384,0
DA:385,0
DA:388,0
DA:389,0
DA:391,0
DA:392,0
DA:398,0
DA:399,0
DA:400,0
DA:403,0
DA:404,0
DA:405,0
DA:407,0
DA:408,0
DA:410,0
DA:411,0
DA:417,0
DA:418,0
DA:419,0
DA:420,0
DA:421,0
DA:422,0
DA:425,0
DA:426,0
DA:427,0
DA:428,0
DA:429,0
DA:433,0
DA:445,0
DA:446,0
DA:447,0
DA:448,0
DA:449,0
DA:451,0
DA:456,0
DA:457,0
DA:460,0
DA:461,0
DA:463,0
DA:467,0
DA:468,0
DA:474,0
DA:475,0
DA:476,0
DA:477,0
DA:478,0
DA:479,0
DA:482,0
DA:483,0
DA:485,0
DA:486,0
DA:492,0
DA:493,0
DA:494,0
DA:495,0
DA:496,0
DA:497,0
DA:500,0
DA:501,0
DA:503,0
DA:504,0
DA:507,0
DA:508,0
DA:510,0
DA:514,0
DA:515,0
DA:521,0
DA:522,0
DA:523,0
DA:524,0
DA:525,0
DA:526,0
DA:529,0
DA:530,0
DA:531,0
DA:533,0
DA:537,0
DA:538,0
LF:244
LH:0
BRDA:25,0,0,0
BRDA:25,0,1,0
BRDA:44,1,0,0
BRDA:44,1,1,0
BRDA:76,2,0,0
BRDA:76,2,1,0
BRDA:76,3,0,0
BRDA:76,3,1,0
BRDA:84,4,0,0
BRDA:84,4,1,0
BRDA:127,5,0,0
BRDA:127,5,1,0
BRDA:141,6,0,0
BRDA:141,6,1,0
BRDA:155,7,0,0
BRDA:155,7,1,0
BRDA:162,8,0,0
BRDA:162,8,1,0
BRDA:162,9,0,0
BRDA:162,9,1,0
BRDA:170,10,0,0
BRDA:170,10,1,0
BRDA:176,11,0,0
BRDA:176,11,1,0
BRDA:181,12,0,0
BRDA:181,12,1,0
BRDA:190,13,0,0
BRDA:190,13,1,0
BRDA:197,14,0,0
BRDA:197,14,1,0
BRDA:203,15,0,0
BRDA:203,15,1,0
BRDA:213,16,0,0
BRDA:213,16,1,0
BRDA:238,17,0,0
BRDA:238,17,1,0
BRDA:245,18,0,0
BRDA:245,18,1,0
BRDA:245,19,0,0
BRDA:245,19,1,0
BRDA:255,20,0,0
BRDA:255,20,1,0
BRDA:269,21,0,0
BRDA:269,21,1,0
BRDA:276,22,0,0
BRDA:276,22,1,0
BRDA:276,23,0,0
BRDA:276,23,1,0
BRDA:282,24,0,0
BRDA:282,24,1,0
BRDA:289,25,0,0
BRDA:289,25,1,0
BRDA:299,26,0,0
BRDA:299,26,1,0
BRDA:306,27,0,0
BRDA:306,27,1,0
BRDA:306,28,0,0
BRDA:306,28,1,0
BRDA:306,28,2,0
BRDA:312,29,0,0
BRDA:312,29,1,0
BRDA:318,30,0,0
BRDA:318,30,1,0
BRDA:328,31,0,0
BRDA:328,31,1,0
BRDA:335,32,0,0
BRDA:335,32,1,0
BRDA:335,33,0,0
BRDA:335,33,1,0
BRDA:341,34,0,0
BRDA:341,34,1,0
BRDA:352,35,0,0
BRDA:352,35,1,0
BRDA:377,36,0,0
BRDA:377,36,1,0
BRDA:403,37,0,0
BRDA:403,37,1,0
BRDA:411,38,0,0
BRDA:411,38,1,0
BRDA:420,39,0,0
BRDA:420,39,1,0
BRDA:425,40,0,0
BRDA:425,40,1,0
BRDA:425,41,0,0
BRDA:425,41,1,0
BRDA:427,42,0,0
BRDA:427,42,1,0
BRDA:446,43,0,0
BRDA:446,43,1,0
BRDA:447,44,0,0
BRDA:447,44,1,0
BRDA:456,45,0,0
BRDA:456,45,1,0
BRDA:468,46,0,0
BRDA:468,46,1,0
BRDA:477,47,0,0
BRDA:477,47,1,0
BRDA:486,48,0,0
BRDA:486,48,1,0
BRDA:495,49,0,0
BRDA:495,49,1,0
BRDA:500,50,0,0
BRDA:500,50,1,0
BRDA:503,51,0,0
BRDA:503,51,1,0
BRDA:515,52,0,0
BRDA:515,52,1,0
BRDA:524,53,0,0
BRDA:524,53,1,0
BRDA:538,54,0,0
BRDA:538,54,1,0
BRF:111
BRH:0
end_of_record
TN:
SF:services/consultation.service.js
FN:11,(anonymous_0)
FN:21,(anonymous_1)
FN:34,(anonymous_2)
FN:53,(anonymous_3)
FN:161,(anonymous_4)
FN:182,(anonymous_5)
FN:203,(anonymous_6)
FN:236,(anonymous_7)
FN:299,(anonymous_8)
FNF:9
FNH:0
FNDA:0,(anonymous_0)
FNDA:0,(anonymous_1)
FNDA:0,(anonymous_2)
FNDA:0,(anonymous_3)
FNDA:0,(anonymous_4)
FNDA:0,(anonymous_5)
FNDA:0,(anonymous_6)
FNDA:0,(anonymous_7)
FNDA:0,(anonymous_8)
DA:12,0
DA:13,0
DA:14,0
DA:15,0
DA:16,0
DA:17,0
DA:18,0
DA:22,0
DA:23,0
DA:25,0
DA:34,0
DA:36,0
DA:37,0
DA:38,0
DA:41,0
DA:43,0
DA:48,0
DA:49,0
DA:54,0
DA:55,0
DA:61,0
DA:62,0
DA:66,0
DA:78,0
DA:80,0
DA:81,0
DA:82,0
DA:86,0
DA:87,0
DA:88,0
DA:92,0
DA:93,0
DA:94,0
DA:95,0
DA:99,0
DA:100,0
DA:101,0
DA:102,0
DA:103,0
DA:111,0
DA:112,0
DA:113,0
DA:114,0
DA:115,0
DA:120,0
DA:132,0
DA:135,0
DA:140,0
DA:144,0
DA:150,0
DA:154,0
DA:162,0
DA:163,0
DA:164,0
DA:165,0
DA:171,0
DA:175,0
DA:183,0
DA:184,0
DA:185,0
DA:186,0
DA:192,0
DA:196,0
DA:204,0
DA:205,0
DA:208,0
DA:209,0
DA:213,0
DA:214,0
DA:217,0
DA:223,0
DA:225,0
DA:231,0
DA:232,0
DA:237,0
DA:238,0
DA:240,0
DA:241,0
DA:244,0
DA:245,0
DA:246,0
DA:250,0
DA:251,0
DA:255,0
DA:256,0
DA:257,0
DA:258,0
DA:259,0
DA:260,0
DA:261,0
DA:264,0
DA:265,0
DA:266,0
DA:267,0
DA:268,0
DA:269,0
DA:270,0
DA:275,0
DA:278,0
DA:281,0
DA:286,0
DA:288,0
DA:294,0
DA:295,0
DA:300,0
DA:301,0
DA:303,0
DA:304,0
DA:307,0
DA:308,0
DA:309,0
DA:313,0
DA:314,0
DA:318,0
DA:321,0
DA:324,0
DA:326,0
DA:328,0
DA:334,0
DA:335,0
LF:120
LH:0
BRDA:36,0,0,0
BRDA:36,0,1,0
BRDA:49,1,0,0
BRDA:49,1,1,0
BRDA:61,2,0,0
BRDA:61,2,1,0
BRDA:73,3,0,0
BRDA:74,4,0,0
BRDA:75,5,0,0
BRDA:76,6,0,0
BRDA:77,7,0,0
BRDA:80,8,0,0
BRDA:80,8,1,0
BRDA:80,9,0,0
BRDA:80,9,1,0
BRDA:86,10,0,0
BRDA:86,10,1,0
BRDA:93,11,0,0
BRDA:93,11,1,0
BRDA:93,12,0,0
BRDA:93,12,1,0
BRDA:100,13,0,0
BRDA:100,13,1,0
BRDA:105,14,0,0
BRDA:105,14,1,0
BRDA:112,15,0,0
BRDA:112,15,1,0
BRDA:155,16,0,0
BRDA:155,16,1,0
BRDA:156,17,0,0
BRDA:156,17,1,0
BRDA:161,18,0,0
BRDA:168,19,0,0
BRDA:168,19,1,0
BRDA:176,20,0,0
BRDA:176,20,1,0
BRDA:177,21,0,0
BRDA:177,21,1,0
BRDA:182,22,0,0
BRDA:189,23,0,0
BRDA:189,23,1,0
BRDA:197,24,0,0
BRDA:197,24,1,0
BRDA:198,25,0,0
BRDA:198,25,1,0
BRDA:208,26,0,0
BRDA:208,26,1,0
BRDA:213,27,0,0
BRDA:213,27,1,0
BRDA:213,28,0,0
BRDA:213,28,1,0
BRDA:232,29,0,0
BRDA:232,29,1,0
BRDA:232,30,0,0
BRDA:232,30,1,0
BRDA:240,31,0,0
BRDA:240,31,1,0
BRDA:245,32,0,0
BRDA:245,32,1,0
BRDA:245,33,0,0
BRDA:245,33,1,0
BRDA:250,34,0,0
BRDA:250,34,1,0
BRDA:250,35,0,0
BRDA:250,35,1,0
BRDA:255,36,0,0
BRDA:255,36,1,0
BRDA:256,37,0,0
BRDA:256,37,1,0
BRDA:257,38,0,0
BRDA:257,38,1,0
BRDA:261,39,0,0
BRDA:261,39,1,0
BRDA:264,40,0,0
BRDA:264,40,1,0
BRDA:265,41,0,0
BRDA:265,41,1,0
BRDA:266,42,0,0
BRDA:266,42,1,0
BRDA:295,43,0,0
BRDA:295,43,1,0
BRDA:295,44,0,0
BRDA:295,44,1,0
BRDA:303,45,0,0
BRDA:303,45,1,0
BRDA:308,46,0,0
BRDA:308,46,1,0
BRDA:308,47,0,0
BRDA:308,47,1,0
BRDA:313,48,0,0
BRDA:313,48,1,0
BRDA:313,49,0,0
BRDA:313,49,1,0
BRDA:335,50,0,0
BRDA:335,50,1,0
BRDA:335,51,0,0
BRDA:335,51,1,0
BRF:97
BRH:0
end_of_record
TN:
SF:utils/AppError.js
FN:4,(anonymous_0)
FNF:1
FNH:0
FNDA:0,(anonymous_0)
DA:5,0
DA:6,0
DA:7,0
DA:8,0
DA:11,0
LF:5
LH:0
BRDA:7,0,0,0
BRDA:7,0,1,0
BRF:2
BRH:0
end_of_record
TN:
SF:utils/emailConfig.js
FN:19,(anonymous_0)
FNF:1
FNH:0
FNDA:0,(anonymous_0)
DA:6,0
DA:8,0
DA:19,0
DA:20,0
DA:21,0
DA:23,0
LF:6
LH:0
BRDA:20,0,0,0
BRDA:20,0,1,0
BRF:2
BRH:0
end_of_record
TN:
SF:utils/icd.helper.js
FN:14,(anonymous_0)
FN:16,(anonymous_1)
FN:27,(anonymous_2)
FN:52,(anonymous_3)
FN:55,(anonymous_4)
FN:78,(anonymous_5)
FN:85,(anonymous_6)
FNF:7
FNH:0
FNDA:0,(anonymous_0)
FNDA:0,(anonymous_1)
FNDA:0,(anonymous_2)
FNDA:0,(anonymous_3)
FNDA:0,(anonymous_4)
FNDA:0,(anonymous_5)
FNDA:0,(anonymous_6)
DA:8,0
DA:11,0
DA:12,0
DA:14,0
DA:15,0
DA:16,0
DA:18,0
DA:19,0
DA:20,0
DA:21,0
DA:24,0
DA:27,0
DA:28,0
DA:29,0
DA:30,0
DA:31,0
DA:32,0
DA:33,0
DA:35,0
DA:40,0
DA:42,0
DA:45,0
DA:50,0
DA:52,0
DA:53,0
DA:54,0
DA:55,0
DA:57,0
DA:58,0
DA:61,0
DA:62,0
DA:68,0
DA:70,0
DA:71,0
DA:72,0
DA:74,0
DA:78,0
DA:79,0
DA:80,0
DA:81,0
DA:82,0
DA:85,0
DA:90,0
DA:91,0
DA:97,0
DA:98,0
LF:46
LH:0
BRDA:18,0,0,0
BRDA:18,0,1,0
BRDA:18,0,2,0
BRDA:20,1,0,0
BRDA:20,1,1,0
BRDA:20,2,0,0
BRDA:20,2,1,0
BRDA:30,3,0,0
BRDA:30,3,1,0
BRDA:57,4,0,0
BRDA:57,4,1,0
BRDA:70,5,0,0
BRDA:70,5,1,0
BRDA:78,6,0,0
BRDA:81,7,0,0
BRDA:81,7,1,0
BRDA:81,8,0,0
BRDA:81,8,1,0
BRF:18
BRH:0
end_of_record
TN:
SF:utils/logger.js
FNF:0
FNH:0
DA:3,0
LF:1
LH:0
BRDA:4,0,0,0
BRDA:4,0,1,0
BRF:2
BRH:0
end_of_record
TN:
SF:utils/test.helper.js
FN:12,(anonymous_0)
FN:30,(anonymous_1)
FN:33,(anonymous_2)
FN:51,(anonymous_3)
FN:60,(anonymous_4)
FN:65,(anonymous_5)
FNF:6
FNH:0
FNDA:0,(anonymous_0)
FNDA:0,(anonymous_1)
FNDA:0,(anonymous_2)
FNDA:0,(anonymous_3)
FNDA:0,(anonymous_4)
FNDA:0,(anonymous_5)
DA:7,0
DA:10,0
DA:12,0
DA:13,0
DA:14,0
DA:15,0
DA:16,0
DA:17,0
DA:18,0
DA:20,0
DA:23,0
DA:28,0
DA:30,0
DA:31,0
DA:32,0
DA:33,0
DA:35,0
DA:36,0
DA:39,0
DA:40,0
DA:46,0
DA:47,0
DA:51,0
DA:52,0
DA:53,0
DA:54,0
DA:55,0
DA:59,0
DA:61,0
DA:65,0
DA:70,0
DA:71,0
DA:77,0
DA:78,0
LF:34
LH:0
BRDA:15,0,0,0
BRDA:15,0,1,0
BRDA:35,1,0,0
BRDA:35,1,1,0
BRDA:42,2,0,0
BRDA:42,2,1,0
BRDA:51,3,0,0
BRDA:54,4,0,0
BRDA:54,4,1,0
BRDA:61,5,0,0
BRDA:61,5,1,0
BRDA:61,5,2,0
BRDA:67,6,0,0
BRDA:67,6,1,0
BRF:14
BRH:0
end_of_record
