TN:
SF:controllers\appointments.controller.js
FN:5,(anonymous_0)
FN:11,(anonymous_1)
FN:17,(anonymous_2)
FN:24,(anonymous_3)
FN:33,(anonymous_4)
FN:40,(anonymous_5)
FN:48,(anonymous_6)
FN:67,(anonymous_7)
FNF:8
FNH:0
FNDA:0,(anonymous_0)
FNDA:0,(anonymous_1)
FNDA:0,(anonymous_2)
FNDA:0,(anonymous_3)
FNDA:0,(anonymous_4)
FNDA:0,(anonymous_5)
FNDA:0,(anonymous_6)
FNDA:0,(anonymous_7)
DA:3,0
DA:5,0
DA:6,0
DA:7,0
DA:8,0
DA:11,0
DA:12,0
DA:13,0
DA:14,0
DA:17,0
DA:18,0
DA:19,0
DA:20,0
DA:21,0
DA:24,0
DA:25,0
DA:26,0
DA:27,0
DA:28,0
DA:29,0
DA:30,0
DA:33,0
DA:34,0
DA:35,0
DA:36,0
DA:37,0
DA:40,0
DA:41,0
DA:42,0
DA:43,0
DA:44,0
DA:48,0
DA:49,0
DA:51,0
DA:52,0
DA:55,0
DA:56,0
DA:59,0
DA:60,0
DA:62,0
DA:67,0
DA:68,0
DA:70,0
DA:71,0
DA:74,0
DA:75,0
DA:78,0
DA:79,0
DA:80,0
DA:83,0
DA:84,0
DA:85,0
DA:88,0
DA:94,0
DA:99,0
LF:55
LH:0
BRDA:51,0,0,0
BRDA:51,0,1,0
BRDA:51,1,0,0
BRDA:51,1,1,0
BRDA:55,2,0,0
BRDA:55,2,1,0
BRDA:55,3,0,0
BRDA:55,3,1,0
BRDA:70,4,0,0
BRDA:70,4,1,0
BRDA:70,5,0,0
BRDA:70,5,1,0
BRDA:74,6,0,0
BRDA:74,6,1,0
BRDA:74,7,0,0
BRDA:74,7,1,0
BRDA:84,8,0,0
BRDA:84,8,1,0
BRF:18
BRH:0
end_of_record
TN:
SF:controllers\auth.controller.js
FN:6,(anonymous_0)
FN:27,(anonymous_1)
FN:131,(anonymous_2)
FN:141,(anonymous_3)
FN:183,(anonymous_4)
FN:197,(anonymous_5)
FN:218,(anonymous_6)
FN:239,(anonymous_7)
FN:261,(anonymous_8)
FN:277,(anonymous_9)
FN:298,(anonymous_10)
FN:310,(anonymous_11)
FN:343,(anonymous_12)
FN:368,(anonymous_13)
FN:384,(anonymous_14)
FN:400,(anonymous_15)
FN:416,(anonymous_16)
FN:432,(anonymous_17)
FN:448,(anonymous_18)
FNF:19
FNH:0
FNDA:0,(anonymous_0)
FNDA:0,(anonymous_1)
FNDA:0,(anonymous_2)
FNDA:0,(anonymous_3)
FNDA:0,(anonymous_4)
FNDA:0,(anonymous_5)
FNDA:0,(anonymous_6)
FNDA:0,(anonymous_7)
FNDA:0,(anonymous_8)
FNDA:0,(anonymous_9)
FNDA:0,(anonymous_10)
FNDA:0,(anonymous_11)
FNDA:0,(anonymous_12)
FNDA:0,(anonymous_13)
FNDA:0,(anonymous_14)
FNDA:0,(anonymous_15)
FNDA:0,(anonymous_16)
FNDA:0,(anonymous_17)
FNDA:0,(anonymous_18)
DA:7,0
DA:8,0
DA:9,0
DA:10,0
DA:11,0
DA:12,0
DA:13,0
DA:14,0
DA:15,0
DA:16,0
DA:17,0
DA:18,0
DA:19,0
DA:20,0
DA:21,0
DA:22,0
DA:23,0
DA:24,0
DA:28,0
DA:43,0
DA:46,0
DA:47,0
DA:48,0
DA:52,0
DA:53,0
DA:54,0
DA:55,0
DA:59,0
DA:60,0
DA:61,0
DA:62,0
DA:64,0
DA:65,0
DA:66,0
DA:67,0
DA:69,0
DA:70,0
DA:71,0
DA:72,0
DA:76,0
DA:92,0
DA:94,0
DA:95,0
DA:126,0
DA:127,0
DA:128,0
DA:131,0
DA:134,0
DA:142,0
DA:143,0
DA:144,0
DA:145,0
DA:146,0
DA:149,0
DA:150,0
DA:152,0
DA:159,0
DA:160,0
DA:175,0
DA:176,0
DA:184,0
DA:185,0
DA:186,0
DA:187,0
DA:188,0
DA:190,0
DA:192,0
DA:193,0
DA:198,0
DA:199,0
DA:200,0
DA:201,0
DA:202,0
DA:204,0
DA:205,0
DA:210,0
DA:211,0
DA:219,0
DA:220,0
DA:221,0
DA:222,0
DA:223,0
DA:225,0
DA:226,0
DA:231,0
DA:232,0
DA:240,0
DA:241,0
DA:242,0
DA:243,0
DA:244,0
DA:245,0
DA:247,0
DA:248,0
DA:253,0
DA:254,0
DA:262,0
DA:263,0
DA:264,0
DA:269,0
DA:270,0
DA:278,0
DA:279,0
DA:280,0
DA:281,0
DA:282,0
DA:284,0
DA:285,0
DA:290,0
DA:291,0
DA:299,0
DA:304,0
DA:311,0
DA:312,0
DA:313,0
DA:314,0
DA:315,0
DA:320,0
DA:335,0
DA:336,0
DA:344,0
DA:345,0
DA:346,0
DA:347,0
DA:348,0
DA:353,0
DA:354,0
DA:360,0
DA:361,0
DA:369,0
DA:370,0
DA:371,0
DA:376,0
DA:377,0
DA:385,0
DA:386,0
DA:387,0
DA:392,0
DA:393,0
DA:401,0
DA:402,0
DA:403,0
DA:408,0
DA:409,0
DA:417,0
DA:418,0
DA:419,0
DA:424,0
DA:425,0
DA:433,0
DA:434,0
DA:435,0
DA:440,0
DA:441,0
DA:449,0
DA:450,0
DA:451,0
DA:452,0
DA:453,0
DA:455,0
DA:456,0
DA:461,0
DA:462,0
LF:163
LH:0
BRDA:46,0,0,0
BRDA:46,0,1,0
BRDA:46,1,0,0
BRDA:46,1,1,0
BRDA:53,2,0,0
BRDA:53,2,1,0
BRDA:59,3,0,0
BRDA:59,3,1,0
BRDA:60,4,0,0
BRDA:60,4,1,0
BRDA:60,5,0,0
BRDA:60,5,1,0
BRDA:64,6,0,0
BRDA:64,6,1,0
BRDA:65,7,0,0
BRDA:65,7,1,0
BRDA:65,8,0,0
BRDA:65,8,1,0
BRDA:69,9,0,0
BRDA:69,9,1,0
BRDA:70,10,0,0
BRDA:70,10,1,0
BRDA:110,11,0,0
BRDA:110,11,1,0
BRDA:115,12,0,0
BRDA:115,12,1,0
BRDA:119,13,0,0
BRDA:119,13,1,0
BRDA:127,14,0,0
BRDA:127,14,1,0
BRDA:134,15,0,0
BRDA:134,15,1,0
BRDA:136,16,0,0
BRDA:136,16,1,0
BRDA:144,17,0,0
BRDA:144,17,1,0
BRDA:144,18,0,0
BRDA:144,18,1,0
BRDA:176,19,0,0
BRDA:176,19,1,0
BRDA:178,20,0,0
BRDA:178,20,1,0
BRDA:186,21,0,0
BRDA:186,21,1,0
BRDA:200,22,0,0
BRDA:200,22,1,0
BRDA:211,23,0,0
BRDA:211,23,1,0
BRDA:213,24,0,0
BRDA:213,24,1,0
BRDA:221,25,0,0
BRDA:221,25,1,0
BRDA:232,26,0,0
BRDA:232,26,1,0
BRDA:234,27,0,0
BRDA:234,27,1,0
BRDA:243,28,0,0
BRDA:243,28,1,0
BRDA:254,29,0,0
BRDA:254,29,1,0
BRDA:256,30,0,0
BRDA:256,30,1,0
BRDA:270,31,0,0
BRDA:270,31,1,0
BRDA:272,32,0,0
BRDA:272,32,1,0
BRDA:280,33,0,0
BRDA:280,33,1,0
BRDA:280,34,0,0
BRDA:280,34,1,0
BRDA:291,35,0,0
BRDA:291,35,1,0
BRDA:293,36,0,0
BRDA:293,36,1,0
BRDA:313,37,0,0
BRDA:313,37,1,0
BRDA:346,38,0,0
BRDA:346,38,1,0
BRDA:346,39,0,0
BRDA:346,39,1,0
BRDA:361,40,0,0
BRDA:361,40,1,0
BRDA:363,41,0,0
BRDA:363,41,1,0
BRDA:377,42,0,0
BRDA:377,42,1,0
BRDA:379,43,0,0
BRDA:379,43,1,0
BRDA:393,44,0,0
BRDA:393,44,1,0
BRDA:395,45,0,0
BRDA:395,45,1,0
BRDA:409,46,0,0
BRDA:409,46,1,0
BRDA:411,47,0,0
BRDA:411,47,1,0
BRDA:425,48,0,0
BRDA:425,48,1,0
BRDA:427,49,0,0
BRDA:427,49,1,0
BRDA:441,50,0,0
BRDA:441,50,1,0
BRDA:443,51,0,0
BRDA:443,51,1,0
BRDA:451,52,0,0
BRDA:451,52,1,0
BRDA:462,53,0,0
BRDA:462,53,1,0
BRDA:464,54,0,0
BRDA:464,54,1,0
BRF:110
BRH:0
end_of_record
TN:
SF:controllers\consultation.controller.js
FN:13,(anonymous_0)
FN:27,(anonymous_1)
FN:41,(anonymous_2)
FN:69,(anonymous_3)
FN:95,(anonymous_4)
FN:132,(anonymous_5)
FN:169,(anonymous_6)
FN:206,(anonymous_7)
FN:231,(anonymous_8)
FN:257,(anonymous_9)
FN:283,(anonymous_10)
FN:321,(anonymous_11)
FN:353,(anonymous_12)
FNF:13
FNH:0
FNDA:0,(anonymous_0)
FNDA:0,(anonymous_1)
FNDA:0,(anonymous_2)
FNDA:0,(anonymous_3)
FNDA:0,(anonymous_4)
FNDA:0,(anonymous_5)
FNDA:0,(anonymous_6)
FNDA:0,(anonymous_7)
FNDA:0,(anonymous_8)
FNDA:0,(anonymous_9)
FNDA:0,(anonymous_10)
FNDA:0,(anonymous_11)
FNDA:0,(anonymous_12)
DA:7,0
DA:8,0
DA:15,0
DA:19,0
DA:21,0
DA:28,0
DA:29,0
DA:30,0
DA:31,0
DA:32,0
DA:33,0
DA:34,0
DA:35,0
DA:36,0
DA:37,0
DA:38,0
DA:42,0
DA:43,0
DA:47,0
DA:48,0
DA:50,0
DA:52,0
DA:58,0
DA:62,0
DA:70,0
DA:71,0
DA:75,0
DA:77,0
DA:83,0
DA:87,0
DA:96,0
DA:97,0
DA:102,0
DA:103,0
DA:104,0
DA:110,0
DA:115,0
DA:121,0
DA:125,0
DA:133,0
DA:134,0
DA:139,0
DA:140,0
DA:141,0
DA:147,0
DA:152,0
DA:158,0
DA:162,0
DA:170,0
DA:171,0
DA:176,0
DA:177,0
DA:178,0
DA:184,0
DA:189,0
DA:195,0
DA:199,0
DA:207,0
DA:208,0
DA:213,0
DA:214,0
DA:216,0
DA:218,0
DA:220,0
DA:224,0
DA:232,0
DA:233,0
DA:238,0
DA:239,0
DA:240,0
DA:242,0
DA:244,0
DA:246,0
DA:250,0
DA:258,0
DA:259,0
DA:264,0
DA:265,0
DA:267,0
DA:269,0
DA:271,0
DA:275,0
DA:284,0
DA:285,0
DA:291,0
DA:292,0
DA:295,0
DA:296,0
DA:297,0
DA:298,0
DA:300,0
DA:307,0
DA:309,0
DA:313,0
DA:322,0
DA:323,0
DA:329,0
DA:330,0
DA:331,0
DA:333,0
DA:339,0
DA:341,0
DA:345,0
DA:354,0
LF:104
LH:0
BRDA:15,0,0,0
BRDA:15,0,1,0
BRDA:15,1,0,0
BRDA:15,1,1,0
BRDA:15,1,2,0
BRDA:15,1,3,0
BRDA:62,2,0,0
BRDA:62,2,1,0
BRDA:87,3,0,0
BRDA:87,3,1,0
BRDA:103,4,0,0
BRDA:103,4,1,0
BRDA:112,5,0,0
BRDA:112,5,1,0
BRDA:125,6,0,0
BRDA:125,6,1,0
BRDA:140,7,0,0
BRDA:140,7,1,0
BRDA:149,8,0,0
BRDA:149,8,1,0
BRDA:162,9,0,0
BRDA:162,9,1,0
BRDA:177,10,0,0
BRDA:177,10,1,0
BRDA:186,11,0,0
BRDA:186,11,1,0
BRDA:199,12,0,0
BRDA:199,12,1,0
BRDA:224,13,0,0
BRDA:224,13,1,0
BRDA:250,14,0,0
BRDA:250,14,1,0
BRDA:275,15,0,0
BRDA:275,15,1,0
BRDA:291,16,0,0
BRDA:291,16,1,0
BRDA:313,17,0,0
BRDA:313,17,1,0
BRDA:345,18,0,0
BRDA:345,18,1,0
BRF:40
BRH:0
end_of_record
TN:
SF:controllers\payment.controller.js
FN:11,(anonymous_0)
FN:41,(anonymous_1)
FN:75,(anonymous_2)
FN:99,(anonymous_3)
FN:119,(anonymous_4)
FN:149,(anonymous_5)
FN:169,(anonymous_6)
FN:190,(anonymous_7)
FN:216,(anonymous_8)
FN:237,(anonymous_9)
FNF:10
FNH:0
FNDA:0,(anonymous_0)
FNDA:0,(anonymous_1)
FNDA:0,(anonymous_2)
FNDA:0,(anonymous_3)
FNDA:0,(anonymous_4)
FNDA:0,(anonymous_5)
FNDA:0,(anonymous_6)
FNDA:0,(anonymous_7)
FNDA:0,(anonymous_8)
FNDA:0,(anonymous_9)
DA:6,0
DA:11,0
DA:12,0
DA:13,0
DA:14,0
DA:16,0
DA:17,0
DA:20,0
DA:27,0
DA:33,0
DA:34,0
DA:41,0
DA:42,0
DA:43,0
DA:44,0
DA:47,0
DA:51,0
DA:52,0
DA:55,0
DA:61,0
DA:67,0
DA:68,0
DA:75,0
DA:76,0
DA:77,0
DA:79,0
DA:80,0
DA:83,0
DA:85,0
DA:91,0
DA:92,0
DA:99,0
DA:100,0
DA:101,0
DA:103,0
DA:105,0
DA:111,0
DA:112,0
DA:119,0
DA:120,0
DA:121,0
DA:122,0
DA:132,0
DA:134,0
DA:141,0
DA:142,0
DA:149,0
DA:150,0
DA:151,0
DA:153,0
DA:155,0
DA:161,0
DA:162,0
DA:169,0
DA:170,0
DA:171,0
DA:172,0
DA:174,0
DA:176,0
DA:182,0
DA:183,0
DA:190,0
DA:191,0
DA:192,0
DA:193,0
DA:194,0
DA:196,0
DA:202,0
DA:208,0
DA:209,0
DA:216,0
DA:217,0
DA:218,0
DA:219,0
DA:221,0
DA:223,0
DA:229,0
DA:230,0
DA:237,0
DA:238,0
DA:239,0
DA:243,0
DA:245,0
DA:246,0
DA:249,0
DA:253,0
DA:255,0
DA:257,0
DA:258,0
LF:89
LH:0
BRDA:16,0,0,0
BRDA:16,0,1,0
BRDA:51,1,0,0
BRDA:51,1,1,0
BRDA:51,2,0,0
BRDA:51,2,1,0
BRDA:79,3,0,0
BRDA:79,3,1,0
BRDA:245,4,0,0
BRDA:245,4,1,0
BRF:10
BRH:0
end_of_record
TN:
SF:controllers\report.controller.js
FN:10,(anonymous_0)
FN:101,(anonymous_1)
FN:159,(anonymous_2)
FN:160,(anonymous_3)
FN:187,(anonymous_4)
FN:228,(anonymous_5)
FNF:6
FNH:0
FNDA:0,(anonymous_0)
FNDA:0,(anonymous_1)
FNDA:0,(anonymous_2)
FNDA:0,(anonymous_3)
FNDA:0,(anonymous_4)
FNDA:0,(anonymous_5)
DA:11,0
DA:12,0
DA:15,0
DA:27,0
DA:32,0
DA:83,0
DA:88,0
DA:93,0
DA:94,0
DA:102,0
DA:103,0
DA:106,0
DA:107,0
DA:110,0
DA:111,0
DA:112,0
DA:113,0
DA:117,0
DA:118,0
DA:119,0
DA:120,0
DA:126,0
DA:130,0
DA:159,0
DA:160,0
DA:161,0
DA:166,0
DA:172,0
DA:177,0
DA:183,0
DA:188,0
DA:189,0
DA:190,0
DA:198,0
DA:217,0
DA:218,0
DA:223,0
DA:224,0
DA:229,0
DA:230,0
DA:233,0
DA:246,0
DA:249,0
DA:252,0
DA:258,0
DA:260,0
DA:267,0
DA:286,0
DA:287,0
LF:49
LH:0
BRDA:15,0,0,0
BRDA:15,0,1,0
BRDA:15,1,0,0
BRDA:15,1,1,0
BRDA:106,2,0,0
BRDA:106,2,1,0
BRDA:106,3,0,0
BRDA:106,3,1,0
BRDA:112,4,0,0
BRDA:112,4,1,0
BRDA:112,5,0,0
BRDA:112,5,1,0
BRDA:161,6,0,0
BRDA:161,6,1,0
BRDA:180,7,0,0
BRDA:180,7,1,0
BRDA:181,8,0,0
BRDA:181,8,1,0
BRDA:183,9,0,0
BRDA:183,9,1,0
BRDA:233,10,0,0
BRDA:233,10,1,0
BRDA:233,11,0,0
BRDA:233,11,1,0
BRF:24
BRH:0
end_of_record
TN:
SF:models\admin.model.js
FNF:0
FNH:0
DA:3,0
DA:20,0
LF:2
LH:0
BRF:0
BRH:0
end_of_record
TN:
SF:models\appointment.model.js
FNF:0
FNH:0
DA:4,0
DA:37,0
DA:39,0
LF:3
LH:0
BRF:0
BRH:0
end_of_record
TN:
SF:models\availability.model.js
FNF:0
FNH:0
DA:4,0
DA:15,0
DA:17,0
LF:3
LH:0
BRF:0
BRH:0
end_of_record
TN:
SF:models\consultation.model.js
FN:134,(anonymous_0)
FN:155,(anonymous_1)
FN:193,(anonymous_2)
FNF:3
FNH:0
FNDA:0,(anonymous_0)
FNDA:0,(anonymous_1)
FNDA:0,(anonymous_2)
DA:8,0
DA:130,0
DA:131,0
DA:134,0
DA:135,0
DA:140,0
DA:142,0
DA:143,0
DA:144,0
DA:145,0
DA:146,0
DA:147,0
DA:148,0
DA:150,0
DA:153,0
DA:155,0
DA:156,0
DA:157,0
DA:160,0
DA:161,0
DA:167,0
DA:168,0
DA:169,0
DA:170,0
DA:176,0
DA:177,0
DA:186,0
DA:188,0
DA:193,0
DA:194,0
DA:203,0
LF:31
LH:0
BRDA:140,0,0,0
BRDA:140,0,1,0
BRDA:140,1,0,0
BRDA:140,1,1,0
BRDA:156,2,0,0
BRDA:156,2,1,0
BRDA:160,3,0,0
BRDA:160,3,1,0
BRDA:161,4,0,0
BRDA:161,4,1,0
BRDA:167,5,0,0
BRDA:167,5,1,0
BRDA:167,6,0,0
BRDA:167,6,1,0
BRDA:169,7,0,0
BRDA:169,7,1,0
BRDA:169,8,0,0
BRDA:169,8,1,0
BRDA:169,8,2,0
BRDA:176,9,0,0
BRDA:176,9,1,0
BRF:21
BRH:0
end_of_record
TN:
SF:models\doctor.model.js
FNF:0
FNH:0
DA:3,0
DA:26,0
LF:2
LH:0
BRF:0
BRH:0
end_of_record
TN:
SF:models\patient.model.js
FN:4,generateHealthCardId
FN:45,(anonymous_1)
FNF:2
FNH:0
FNDA:0,generateHealthCardId
FNDA:0,(anonymous_1)
DA:5,0
DA:6,0
DA:7,0
DA:10,0
DA:11,0
DA:13,0
DA:15,0
DA:18,0
DA:45,0
DA:46,0
DA:47,0
DA:48,0
DA:49,0
DA:51,0
DA:54,0
DA:58,0
LF:16
LH:0
BRDA:11,0,0,0
BRDA:11,0,1,0
BRDA:46,1,0,0
BRDA:46,1,1,0
BRDA:46,2,0,0
BRDA:46,2,1,0
BRF:6
BRH:0
end_of_record
TN:
SF:models\payment.model.js
FN:151,(anonymous_0)
FN:190,(anonymous_1)
FN:195,(anonymous_2)
FN:205,(anonymous_3)
FN:216,(anonymous_4)
FN:223,(anonymous_5)
FN:233,(anonymous_6)
FN:254,(anonymous_7)
FNF:8
FNH:0
FNDA:0,(anonymous_0)
FNDA:0,(anonymous_1)
FNDA:0,(anonymous_2)
FNDA:0,(anonymous_3)
FNDA:0,(anonymous_4)
FNDA:0,(anonymous_5)
FNDA:0,(anonymous_6)
FNDA:0,(anonymous_7)
DA:3,0
DA:145,0
DA:146,0
DA:147,0
DA:148,0
DA:151,0
DA:152,0
DA:154,0
DA:155,0
DA:156,0
DA:157,0
DA:160,0
DA:167,0
DA:174,0
DA:175,0
DA:179,0
DA:180,0
DA:183,0
DA:185,0
DA:190,0
DA:191,0
DA:195,0
DA:196,0
DA:197,0
DA:198,0
DA:199,0
DA:200,0
DA:201,0
DA:205,0
DA:206,0
DA:207,0
DA:208,0
DA:209,0
DA:210,0
DA:212,0
DA:216,0
DA:217,0
DA:218,0
DA:219,0
DA:223,0
DA:224,0
DA:225,0
DA:226,0
DA:227,0
DA:228,0
DA:229,0
DA:233,0
DA:234,0
DA:250,0
DA:254,0
DA:255,0
DA:257,0
DA:273,0
DA:281,0
LF:54
LH:0
BRDA:154,0,0,0
BRDA:154,0,1,0
BRDA:174,1,0,0
BRDA:174,1,1,0
BRDA:179,2,0,0
BRDA:179,2,1,0
BRDA:179,3,0,0
BRDA:179,3,1,0
BRDA:191,4,0,0
BRDA:191,4,1,0
BRDA:196,5,0,0
BRDA:196,5,1,0
BRDA:196,6,0,0
BRDA:196,6,1,0
BRDA:209,7,0,0
BRDA:209,7,1,0
BRDA:226,8,0,0
BRDA:226,8,1,0
BRDA:250,9,0,0
BRDA:250,9,1,0
BRDA:276,10,0,0
BRDA:276,10,1,0
BRDA:277,11,0,0
BRDA:277,11,1,0
BRF:24
BRH:0
end_of_record
TN:
SF:models\user.model.js
FN:95,(anonymous_0)
FN:108,(anonymous_1)
FNF:2
FNH:0
FNDA:0,(anonymous_0)
FNDA:0,(anonymous_1)
DA:4,0
DA:95,0
DA:96,0
DA:98,0
DA:99,0
DA:100,0
DA:101,0
DA:103,0
DA:108,0
DA:109,0
DA:112,0
LF:11
LH:0
BRDA:96,0,0,0
BRDA:96,0,1,0
BRF:2
BRH:0
end_of_record
TN:
SF:services\appointments.service.js
FN:8,(anonymous_0)
FN:21,(anonymous_1)
FN:28,(anonymous_2)
FN:38,(anonymous_3)
FN:101,(anonymous_4)
FN:113,(anonymous_5)
FN:122,(anonymous_6)
FN:131,(anonymous_7)
FNF:8
FNH:0
FNDA:0,(anonymous_0)
FNDA:0,(anonymous_1)
FNDA:0,(anonymous_2)
FNDA:0,(anonymous_3)
FNDA:0,(anonymous_4)
FNDA:0,(anonymous_5)
FNDA:0,(anonymous_6)
FNDA:0,(anonymous_7)
DA:9,0
DA:22,0
DA:23,0
DA:29,0
DA:30,0
DA:31,0
DA:32,0
DA:39,0
DA:40,0
DA:41,0
DA:43,0
DA:44,0
DA:45,0
DA:46,0
DA:48,0
DA:49,0
DA:50,0
DA:53,0
DA:54,0
DA:62,0
DA:67,0
DA:68,0
DA:69,0
DA:73,0
DA:86,0
DA:89,0
DA:94,0
DA:95,0
DA:97,0
DA:102,0
DA:106,0
DA:114,0
DA:123,0
DA:133,0
DA:138,0
DA:139,0
DA:143,0
DA:149,0
DA:150,0
DA:157,0
LF:40
LH:0
BRDA:22,0,0,0
BRDA:22,0,1,0
BRDA:29,1,0,0
BRDA:29,1,1,0
BRDA:29,2,0,0
BRDA:29,2,1,0
BRDA:44,3,0,0
BRDA:44,3,1,0
BRDA:48,4,0,0
BRDA:48,4,1,0
BRDA:53,5,0,0
BRDA:53,5,1,0
BRDA:53,6,0,0
BRDA:53,6,1,0
BRDA:53,6,2,0
BRDA:67,7,0,0
BRDA:67,7,1,0
BRDA:138,8,0,0
BRDA:138,8,1,0
BRDA:149,9,0,0
BRDA:149,9,1,0
BRF:21
BRH:0
end_of_record
TN:
SF:services\auth.service.js
FN:46,(anonymous_0)
FN:55,(anonymous_1)
FN:76,(anonymous_2)
FN:184,(anonymous_3)
FN:212,(anonymous_4)
FN:247,(anonymous_5)
FN:295,(anonymous_6)
FN:326,(anonymous_7)
FN:340,(anonymous_8)
FN:356,(anonymous_9)
FN:385,(anonymous_10)
FN:434,(anonymous_11)
FN:449,(anonymous_12)
FN:468,(anonymous_13)
FN:497,(anonymous_14)
FN:525,(anonymous_15)
FN:543,(anonymous_16)
FN:572,(anonymous_17)
FNF:18
FNH:0
FNDA:0,(anonymous_0)
FNDA:0,(anonymous_1)
FNDA:0,(anonymous_2)
FNDA:0,(anonymous_3)
FNDA:0,(anonymous_4)
FNDA:0,(anonymous_5)
FNDA:0,(anonymous_6)
FNDA:0,(anonymous_7)
FNDA:0,(anonymous_8)
FNDA:0,(anonymous_9)
FNDA:0,(anonymous_10)
FNDA:0,(anonymous_11)
FNDA:0,(anonymous_12)
FNDA:0,(anonymous_13)
FNDA:0,(anonymous_14)
FNDA:0,(anonymous_15)
FNDA:0,(anonymous_16)
FNDA:0,(anonymous_17)
DA:14,0
DA:17,0
DA:27,0
DA:28,0
DA:29,0
DA:34,0
DA:46,0
DA:47,0
DA:48,0
DA:50,0
DA:56,0
DA:57,0
DA:58,0
DA:67,0
DA:68,0
DA:70,0
DA:71,0
DA:77,0
DA:79,0
DA:80,0
DA:81,0
DA:84,0
DA:87,0
DA:88,0
DA:89,0
DA:90,0
DA:94,0
DA:95,0
DA:98,0
DA:111,0
DA:115,0
DA:117,0
DA:123,0
DA:125,0
DA:130,0
DA:132,0
DA:136,0
DA:139,0
DA:140,0
DA:141,0
DA:144,0
DA:147,0
DA:161,0
DA:162,0
DA:163,0
DA:165,0
DA:172,0
DA:175,0
DA:176,0
DA:178,0
DA:179,0
DA:185,0
DA:186,0
DA:188,0
DA:193,0
DA:194,0
DA:195,0
DA:198,0
DA:199,0
DA:200,0
DA:201,0
DA:203,0
DA:204,0
DA:206,0
DA:207,0
DA:213,0
DA:214,0
DA:215,0
DA:216,0
DA:219,0
DA:221,0
DA:222,0
DA:223,0
DA:224,0
DA:227,0
DA:228,0
DA:229,0
DA:230,0
DA:233,0
DA:234,0
DA:235,0
DA:238,0
DA:239,0
DA:241,0
DA:242,0
DA:248,0
DA:249,0
DA:250,0
DA:251,0
DA:254,0
DA:255,0
DA:256,0
DA:257,0
DA:260,0
DA:261,0
DA:262,0
DA:263,0
DA:265,0
DA:266,0
DA:280,0
DA:281,0
DA:282,0
DA:284,0
DA:287,0
DA:289,0
DA:290,0
DA:296,0
DA:297,0
DA:298,0
DA:299,0
DA:302,0
DA:307,0
DA:308,0
DA:309,0
DA:312,0
DA:313,0
DA:314,0
DA:315,0
DA:317,0
DA:318,0
DA:320,0
DA:321,0
DA:327,0
DA:328,0
DA:329,0
DA:330,0
DA:333,0
DA:334,0
DA:335,0
DA:336,0
DA:339,0
DA:340,0
DA:341,0
DA:342,0
DA:346,0
DA:347,0
DA:348,0
DA:350,0
DA:351,0
DA:357,0
DA:358,0
DA:359,0
DA:360,0
DA:363,0
DA:364,0
DA:365,0
DA:366,0
DA:369,0
DA:370,0
DA:371,0
DA:372,0
DA:375,0
DA:376,0
DA:377,0
DA:379,0
DA:380,0
DA:386,0
DA:387,0
DA:388,0
DA:389,0
DA:392,0
DA:393,0
DA:394,0
DA:395,0
DA:398,0
DA:399,0
DA:400,0
DA:401,0
DA:402,0
DA:404,0
DA:405,0
DA:419,0
DA:420,0
DA:421,0
DA:423,0
DA:426,0
DA:428,0
DA:429,0
DA:435,0
DA:436,0
DA:437,0
DA:440,0
DA:441,0
DA:443,0
DA:444,0
DA:450,0
DA:451,0
DA:452,0
DA:455,0
DA:456,0
DA:457,0
DA:459,0
DA:460,0
DA:462,0
DA:463,0
DA:469,0
DA:470,0
DA:471,0
DA:472,0
DA:473,0
DA:474,0
DA:477,0
DA:478,0
DA:479,0
DA:480,0
DA:481,0
DA:485,0
DA:497,0
DA:498,0
DA:499,0
DA:500,0
DA:501,0
DA:503,0
DA:508,0
DA:509,0
DA:512,0
DA:513,0
DA:515,0
DA:519,0
DA:520,0
DA:526,0
DA:527,0
DA:528,0
DA:529,0
DA:530,0
DA:531,0
DA:534,0
DA:535,0
DA:537,0
DA:538,0
DA:544,0
DA:545,0
DA:546,0
DA:547,0
DA:548,0
DA:549,0
DA:552,0
DA:553,0
DA:555,0
DA:556,0
DA:559,0
DA:560,0
DA:562,0
DA:566,0
DA:567,0
DA:573,0
DA:574,0
DA:575,0
DA:576,0
DA:577,0
DA:578,0
DA:581,0
DA:582,0
DA:583,0
DA:585,0
DA:589,0
DA:590,0
LF:257
LH:0
BRDA:28,0,0,0
BRDA:28,0,1,0
BRDA:47,1,0,0
BRDA:47,1,1,0
BRDA:79,2,0,0
BRDA:79,2,1,0
BRDA:79,3,0,0
BRDA:79,3,1,0
BRDA:88,4,0,0
BRDA:88,4,1,0
BRDA:115,5,0,0
BRDA:115,5,1,0
BRDA:115,5,2,0
BRDA:115,5,3,0
BRDA:120,6,0,0
BRDA:120,6,1,0
BRDA:175,7,0,0
BRDA:175,7,1,0
BRDA:175,8,0,0
BRDA:175,8,1,0
BRDA:179,9,0,0
BRDA:179,9,1,0
BRDA:193,10,0,0
BRDA:193,10,1,0
BRDA:207,11,0,0
BRDA:207,11,1,0
BRDA:214,12,0,0
BRDA:214,12,1,0
BRDA:214,13,0,0
BRDA:214,13,1,0
BRDA:222,14,0,0
BRDA:222,14,1,0
BRDA:228,15,0,0
BRDA:228,15,1,0
BRDA:233,16,0,0
BRDA:233,16,1,0
BRDA:242,17,0,0
BRDA:242,17,1,0
BRDA:249,18,0,0
BRDA:249,18,1,0
BRDA:255,19,0,0
BRDA:255,19,1,0
BRDA:265,20,0,0
BRDA:265,20,1,0
BRDA:290,21,0,0
BRDA:290,21,1,0
BRDA:297,22,0,0
BRDA:297,22,1,0
BRDA:297,23,0,0
BRDA:297,23,1,0
BRDA:307,24,0,0
BRDA:307,24,1,0
BRDA:321,25,0,0
BRDA:321,25,1,0
BRDA:328,26,0,0
BRDA:328,26,1,0
BRDA:328,27,0,0
BRDA:328,27,1,0
BRDA:334,28,0,0
BRDA:334,28,1,0
BRDA:341,29,0,0
BRDA:341,29,1,0
BRDA:351,30,0,0
BRDA:351,30,1,0
BRDA:358,31,0,0
BRDA:358,31,1,0
BRDA:358,32,0,0
BRDA:358,32,1,0
BRDA:358,32,2,0
BRDA:364,33,0,0
BRDA:364,33,1,0
BRDA:370,34,0,0
BRDA:370,34,1,0
BRDA:380,35,0,0
BRDA:380,35,1,0
BRDA:387,36,0,0
BRDA:387,36,1,0
BRDA:387,37,0,0
BRDA:387,37,1,0
BRDA:393,38,0,0
BRDA:393,38,1,0
BRDA:404,39,0,0
BRDA:404,39,1,0
BRDA:429,40,0,0
BRDA:429,40,1,0
BRDA:455,41,0,0
BRDA:455,41,1,0
BRDA:463,42,0,0
BRDA:463,42,1,0
BRDA:472,43,0,0
BRDA:472,43,1,0
BRDA:477,44,0,0
BRDA:477,44,1,0
BRDA:477,45,0,0
BRDA:477,45,1,0
BRDA:479,46,0,0
BRDA:479,46,1,0
BRDA:498,47,0,0
BRDA:498,47,1,0
BRDA:499,48,0,0
BRDA:499,48,1,0
BRDA:508,49,0,0
BRDA:508,49,1,0
BRDA:520,50,0,0
BRDA:520,50,1,0
BRDA:529,51,0,0
BRDA:529,51,1,0
BRDA:538,52,0,0
BRDA:538,52,1,0
BRDA:547,53,0,0
BRDA:547,53,1,0
BRDA:552,54,0,0
BRDA:552,54,1,0
BRDA:555,55,0,0
BRDA:555,55,1,0
BRDA:567,56,0,0
BRDA:567,56,1,0
BRDA:576,57,0,0
BRDA:576,57,1,0
BRDA:590,58,0,0
BRDA:590,58,1,0
BRF:121
BRH:0
end_of_record
TN:
SF:services\consultation.service.js
FN:20,(anonymous_0)
FN:38,(anonymous_1)
FN:49,(anonymous_2)
FN:60,(anonymous_3)
FN:71,(anonymous_4)
FN:84,(anonymous_5)
FN:103,(anonymous_6)
FN:149,(anonymous_7)
FN:165,(anonymous_8)
FN:215,(anonymous_9)
FN:224,(anonymous_10)
FN:253,(anonymous_11)
FN:262,(anonymous_12)
FN:290,(anonymous_13)
FN:299,(anonymous_14)
FN:326,(anonymous_15)
FN:359,(anonymous_16)
FN:384,(anonymous_17)
FN:400,(anonymous_18)
FN:433,(anonymous_19)
FN:495,(anonymous_20)
FN:560,(anonymous_21)
FN:580,(anonymous_22)
FNF:23
FNH:0
FNDA:0,(anonymous_0)
FNDA:0,(anonymous_1)
FNDA:0,(anonymous_2)
FNDA:0,(anonymous_3)
FNDA:0,(anonymous_4)
FNDA:0,(anonymous_5)
FNDA:0,(anonymous_6)
FNDA:0,(anonymous_7)
FNDA:0,(anonymous_8)
FNDA:0,(anonymous_9)
FNDA:0,(anonymous_10)
FNDA:0,(anonymous_11)
FNDA:0,(anonymous_12)
FNDA:0,(anonymous_13)
FNDA:0,(anonymous_14)
FNDA:0,(anonymous_15)
FNDA:0,(anonymous_16)
FNDA:0,(anonymous_17)
FNDA:0,(anonymous_18)
FNDA:0,(anonymous_19)
FNDA:0,(anonymous_20)
FNDA:0,(anonymous_21)
FNDA:0,(anonymous_22)
DA:16,0
DA:17,0
DA:21,0
DA:22,0
DA:23,0
DA:24,0
DA:25,0
DA:26,0
DA:27,0
DA:28,0
DA:29,0
DA:30,0
DA:33,0
DA:34,0
DA:35,0
DA:39,0
DA:40,0
DA:41,0
DA:42,0
DA:44,0
DA:45,0
DA:50,0
DA:51,0
DA:52,0
DA:53,0
DA:55,0
DA:56,0
DA:61,0
DA:62,0
DA:63,0
DA:64,0
DA:66,0
DA:67,0
DA:72,0
DA:73,0
DA:75,0
DA:84,0
DA:86,0
DA:87,0
DA:88,0
DA:91,0
DA:93,0
DA:98,0
DA:99,0
DA:104,0
DA:105,0
DA:111,0
DA:112,0
DA:116,0
DA:128,0
DA:130,0
DA:131,0
DA:132,0
DA:136,0
DA:137,0
DA:138,0
DA:145,0
DA:146,0
DA:147,0
DA:149,0
DA:150,0
DA:151,0
DA:153,0
DA:161,0
DA:162,0
DA:163,0
DA:165,0
DA:166,0
DA:167,0
DA:169,0
DA:174,0
DA:186,0
DA:189,0
DA:194,0
DA:198,0
DA:204,0
DA:208,0
DA:216,0
DA:217,0
DA:219,0
DA:220,0
DA:224,0
DA:225,0
DA:231,0
DA:233,0
DA:242,0
DA:246,0
DA:254,0
DA:255,0
DA:257,0
DA:258,0
DA:262,0
DA:263,0
DA:268,0
DA:270,0
DA:279,0
DA:283,0
DA:291,0
DA:292,0
DA:294,0
DA:295,0
DA:299,0
DA:300,0
DA:304,0
DA:306,0
DA:315,0
DA:319,0
DA:327,0
DA:328,0
DA:331,0
DA:332,0
DA:336,0
DA:337,0
DA:340,0
DA:346,0
DA:348,0
DA:354,0
DA:355,0
DA:360,0
DA:361,0
DA:363,0
DA:364,0
DA:367,0
DA:368,0
DA:369,0
DA:373,0
DA:374,0
DA:378,0
DA:379,0
DA:380,0
DA:381,0
DA:382,0
DA:384,0
DA:385,0
DA:386,0
DA:388,0
DA:394,0
DA:395,0
DA:396,0
DA:397,0
DA:398,0
DA:400,0
DA:401,0
DA:402,0
DA:404,0
DA:409,0
DA:412,0
DA:415,0
DA:420,0
DA:422,0
DA:428,0
DA:429,0
DA:434,0
DA:435,0
DA:437,0
DA:438,0
DA:441,0
DA:442,0
DA:443,0
DA:447,0
DA:448,0
DA:452,0
DA:453,0
DA:454,0
DA:455,0
DA:457,0
DA:466,0
DA:469,0
DA:472,0
DA:474,0
DA:476,0
DA:482,0
DA:483,0
DA:496,0
DA:497,0
DA:499,0
DA:500,0
DA:503,0
DA:504,0
DA:505,0
DA:509,0
DA:510,0
DA:514,0
DA:517,0
DA:518,0
DA:526,0
DA:532,0
DA:535,0
DA:540,0
DA:542,0
DA:548,0
DA:549,0
DA:561,0
DA:562,0
DA:564,0
DA:565,0
DA:568,0
DA:569,0
DA:570,0
DA:574,0
DA:575,0
DA:579,0
DA:580,0
DA:583,0
DA:584,0
DA:587,0
DA:590,0
DA:591,0
DA:593,0
DA:600,0
DA:603,0
DA:609,0
DA:612,0
DA:617,0
DA:619,0
DA:625,0
DA:626,0
LF:217
LH:0
BRDA:86,0,0,0
BRDA:86,0,1,0
BRDA:99,1,0,0
BRDA:99,1,1,0
BRDA:111,2,0,0
BRDA:111,2,1,0
BRDA:123,3,0,0
BRDA:124,4,0,0
BRDA:125,5,0,0
BRDA:126,6,0,0
BRDA:127,7,0,0
BRDA:130,8,0,0
BRDA:130,8,1,0
BRDA:130,9,0,0
BRDA:130,9,1,0
BRDA:136,10,0,0
BRDA:136,10,1,0
BRDA:146,11,0,0
BRDA:146,11,1,0
BRDA:150,12,0,0
BRDA:150,12,1,0
BRDA:155,13,0,0
BRDA:155,13,1,0
BRDA:155,13,2,0
BRDA:162,14,0,0
BRDA:162,14,1,0
BRDA:166,15,0,0
BRDA:166,15,1,0
BRDA:209,16,0,0
BRDA:209,16,1,0
BRDA:210,17,0,0
BRDA:210,17,1,0
BRDA:215,18,0,0
BRDA:219,19,0,0
BRDA:219,19,1,0
BRDA:225,20,0,0
BRDA:225,20,1,0
BRDA:225,20,2,0
BRDA:239,21,0,0
BRDA:239,21,1,0
BRDA:247,22,0,0
BRDA:247,22,1,0
BRDA:248,23,0,0
BRDA:248,23,1,0
BRDA:253,24,0,0
BRDA:257,25,0,0
BRDA:257,25,1,0
BRDA:263,26,0,0
BRDA:263,26,1,0
BRDA:276,27,0,0
BRDA:276,27,1,0
BRDA:284,28,0,0
BRDA:284,28,1,0
BRDA:285,29,0,0
BRDA:285,29,1,0
BRDA:290,30,0,0
BRDA:294,31,0,0
BRDA:294,31,1,0
BRDA:312,32,0,0
BRDA:312,32,1,0
BRDA:320,33,0,0
BRDA:320,33,1,0
BRDA:321,34,0,0
BRDA:321,34,1,0
BRDA:331,35,0,0
BRDA:331,35,1,0
BRDA:336,36,0,0
BRDA:336,36,1,0
BRDA:336,37,0,0
BRDA:336,37,1,0
BRDA:355,38,0,0
BRDA:355,38,1,0
BRDA:355,39,0,0
BRDA:355,39,1,0
BRDA:363,40,0,0
BRDA:363,40,1,0
BRDA:368,41,0,0
BRDA:368,41,1,0
BRDA:368,42,0,0
BRDA:368,42,1,0
BRDA:373,43,0,0
BRDA:373,43,1,0
BRDA:373,44,0,0
BRDA:373,44,1,0
BRDA:378,45,0,0
BRDA:378,45,1,0
BRDA:379,46,0,0
BRDA:379,46,1,0
BRDA:380,47,0,0
BRDA:380,47,1,0
BRDA:385,48,0,0
BRDA:385,48,1,0
BRDA:390,49,0,0
BRDA:390,49,1,0
BRDA:390,49,2,0
BRDA:394,50,0,0
BRDA:394,50,1,0
BRDA:395,51,0,0
BRDA:395,51,1,0
BRDA:396,52,0,0
BRDA:396,52,1,0
BRDA:401,53,0,0
BRDA:401,53,1,0
BRDA:429,54,0,0
BRDA:429,54,1,0
BRDA:429,55,0,0
BRDA:429,55,1,0
BRDA:437,56,0,0
BRDA:437,56,1,0
BRDA:442,57,0,0
BRDA:442,57,1,0
BRDA:442,58,0,0
BRDA:442,58,1,0
BRDA:447,59,0,0
BRDA:447,59,1,0
BRDA:447,60,0,0
BRDA:447,60,1,0
BRDA:452,61,0,0
BRDA:452,61,1,0
BRDA:452,62,0,0
BRDA:452,62,1,0
BRDA:483,63,0,0
BRDA:483,63,1,0
BRDA:483,64,0,0
BRDA:483,64,1,0
BRDA:499,65,0,0
BRDA:499,65,1,0
BRDA:504,66,0,0
BRDA:504,66,1,0
BRDA:504,67,0,0
BRDA:504,67,1,0
BRDA:509,68,0,0
BRDA:509,68,1,0
BRDA:509,69,0,0
BRDA:509,69,1,0
BRDA:517,70,0,0
BRDA:517,70,1,0
BRDA:549,71,0,0
BRDA:549,71,1,0
BRDA:549,72,0,0
BRDA:549,72,1,0
BRDA:564,73,0,0
BRDA:564,73,1,0
BRDA:569,74,0,0
BRDA:569,74,1,0
BRDA:569,75,0,0
BRDA:569,75,1,0
BRDA:574,76,0,0
BRDA:574,76,1,0
BRDA:574,77,0,0
BRDA:574,77,1,0
BRDA:583,78,0,0
BRDA:583,78,1,0
BRDA:626,79,0,0
BRDA:626,79,1,0
BRDA:626,80,0,0
BRDA:626,80,1,0
BRF:157
BRH:0
end_of_record
TN:
SF:services\payment.service.js
FN:14,(anonymous_0)
FN:71,(anonymous_1)
FN:167,(anonymous_2)
FN:231,(anonymous_3)
FN:266,(anonymous_4)
FN:340,(anonymous_5)
FN:362,(anonymous_6)
FN:400,(anonymous_7)
FN:460,(anonymous_8)
FN:496,(anonymous_9)
FN:526,(anonymous_10)
FN:547,(anonymous_11)
FN:560,(anonymous_12)
FN:574,(anonymous_13)
FNF:14
FNH:0
FNDA:0,(anonymous_0)
FNDA:0,(anonymous_1)
FNDA:0,(anonymous_2)
FNDA:0,(anonymous_3)
FNDA:0,(anonymous_4)
FNDA:0,(anonymous_5)
FNDA:0,(anonymous_6)
FNDA:0,(anonymous_7)
FNDA:0,(anonymous_8)
FNDA:0,(anonymous_9)
FNDA:0,(anonymous_10)
FNDA:0,(anonymous_11)
FNDA:0,(anonymous_12)
FNDA:0,(anonymous_13)
DA:8,0
DA:15,0
DA:17,0
DA:21,0
DA:22,0
DA:26,0
DA:27,0
DA:28,0
DA:32,0
DA:36,0
DA:37,0
DA:41,0
DA:46,0
DA:55,0
DA:57,0
DA:63,0
DA:64,0
DA:72,0
DA:73,0
DA:84,0
DA:85,0
DA:88,0
DA:89,0
DA:93,0
DA:95,0
DA:96,0
DA:104,0
DA:105,0
DA:109,0
DA:145,0
DA:146,0
DA:147,0
DA:149,0
DA:153,0
DA:159,0
DA:160,0
DA:168,0
DA:170,0
DA:174,0
DA:175,0
DA:179,0
DA:190,0
DA:191,0
DA:195,0
DA:197,0
DA:198,0
DA:199,0
DA:200,0
DA:203,0
DA:204,0
DA:205,0
DA:208,0
DA:210,0
DA:212,0
DA:213,0
DA:214,0
DA:215,0
DA:216,0
DA:218,0
DA:220,0
DA:223,0
DA:224,0
DA:232,0
DA:233,0
DA:234,0
DA:235,0
DA:238,0
DA:256,0
DA:258,0
DA:259,0
DA:267,0
DA:268,0
DA:269,0
DA:270,0
DA:273,0
DA:276,0
DA:277,0
DA:280,0
DA:281,0
DA:284,0
DA:285,0
DA:286,0
DA:287,0
DA:289,0
DA:290,0
DA:295,0
DA:296,0
DA:302,0
DA:303,0
DA:304,0
DA:306,0
DA:322,0
DA:332,0
DA:333,0
DA:341,0
DA:342,0
DA:343,0
DA:344,0
DA:347,0
DA:350,0
DA:352,0
DA:354,0
DA:355,0
DA:363,0
DA:364,0
DA:365,0
DA:366,0
DA:369,0
DA:386,0
DA:387,0
DA:390,0
DA:392,0
DA:393,0
DA:401,0
DA:402,0
DA:403,0
DA:404,0
DA:407,0
DA:412,0
DA:413,0
DA:416,0
DA:417,0
DA:420,0
DA:421,0
DA:425,0
DA:438,0
DA:444,0
DA:446,0
DA:452,0
DA:453,0
DA:461,0
DA:462,0
DA:464,0
DA:465,0
DA:468,0
DA:486,0
DA:488,0
DA:489,0
DA:497,0
DA:498,0
DA:500,0
DA:502,0
DA:503,0
DA:506,0
DA:507,0
DA:510,0
DA:511,0
DA:514,0
DA:515,0
DA:518,0
DA:521,0
DA:522,0
DA:527,0
DA:531,0
DA:532,0
DA:533,0
DA:534,0
DA:535,0
DA:537,0
DA:538,0
DA:539,0
DA:542,0
DA:543,0
DA:548,0
DA:552,0
DA:553,0
DA:554,0
DA:555,0
DA:556,0
DA:561,0
DA:565,0
DA:566,0
DA:567,0
DA:569,0
DA:570,0
DA:575,0
DA:579,0
DA:580,0
DA:581,0
DA:582,0
DA:583,0
LF:181
LH:0
BRDA:21,0,0,0
BRDA:21,0,1,0
BRDA:27,1,0,0
BRDA:27,1,1,0
BRDA:36,2,0,0
BRDA:36,2,1,0
BRDA:41,3,0,0
BRDA:41,3,1,0
BRDA:50,4,0,0
BRDA:50,4,1,0
BRDA:84,5,0,0
BRDA:84,5,1,0
BRDA:88,6,0,0
BRDA:88,6,1,0
BRDA:88,7,0,0
BRDA:88,7,1,0
BRDA:95,8,0,0
BRDA:95,8,1,0
BRDA:119,9,0,0
BRDA:119,9,1,0
BRDA:174,10,0,0
BRDA:174,10,1,0
BRDA:190,11,0,0
BRDA:190,11,1,0
BRDA:195,12,0,0
BRDA:195,12,1,0
BRDA:199,13,0,0
BRDA:199,13,1,0
BRDA:203,14,0,0
BRDA:203,14,1,0
BRDA:213,15,0,0
BRDA:213,15,1,0
BRDA:234,16,0,0
BRDA:234,16,1,0
BRDA:266,17,0,0
BRDA:269,18,0,0
BRDA:269,18,1,0
BRDA:276,19,0,0
BRDA:276,19,1,0
BRDA:280,20,0,0
BRDA:280,20,1,0
BRDA:284,21,0,0
BRDA:284,21,1,0
BRDA:284,22,0,0
BRDA:284,22,1,0
BRDA:286,23,0,0
BRDA:286,23,1,0
BRDA:289,24,0,0
BRDA:289,24,1,0
BRDA:295,25,0,0
BRDA:295,25,1,0
BRDA:302,26,0,0
BRDA:302,26,1,0
BRDA:303,27,0,0
BRDA:303,27,1,0
BRDA:343,28,0,0
BRDA:343,28,1,0
BRDA:365,29,0,0
BRDA:365,29,1,0
BRDA:386,30,0,0
BRDA:386,30,1,0
BRDA:403,31,0,0
BRDA:403,31,1,0
BRDA:412,32,0,0
BRDA:412,32,1,0
BRDA:416,33,0,0
BRDA:416,33,1,0
BRDA:420,34,0,0
BRDA:420,34,1,0
BRDA:427,35,0,0
BRDA:427,35,1,0
BRDA:440,36,0,0
BRDA:440,36,1,0
BRDA:464,37,0,0
BRDA:464,37,1,0
BRDA:464,38,0,0
BRDA:464,38,1,0
BRDA:481,39,0,0
BRDA:481,39,1,0
BRDA:483,40,0,0
BRDA:483,40,1,0
BRDA:500,41,0,0
BRDA:500,41,1,0
BRDA:500,41,2,0
BRDA:500,41,3,0
BRDA:500,41,4,0
BRDA:531,42,0,0
BRDA:531,42,1,0
BRDA:537,43,0,0
BRDA:537,43,1,0
BRDA:552,44,0,0
BRDA:552,44,1,0
BRDA:552,45,0,0
BRDA:552,45,1,0
BRDA:565,46,0,0
BRDA:565,46,1,0
BRDA:568,47,0,0
BRDA:568,47,1,0
BRDA:579,48,0,0
BRDA:579,48,1,0
BRF:100
BRH:0
end_of_record
